<?xml version="1.0" encoding="UTF-8"?>
<!-- Generated by org.testng.reporters.JUnitReportReporter -->
<testsuite hostname="Swarnadeeps-MacBook-Pro.local" failures="1" tests="1" name="runner.RunnerFile" time="13.299" errors="0" timestamp="2024-07-11T18:38:52 EDT" skipped="0">
  <testcase classname="runner.RunnerFile" name="runScenario" time="13.299">
    <failure message="Error: The URL does not match any of the expected URLs. expected [true] but found [false]" type="java.lang.AssertionError">
      <![CDATA[java.lang.AssertionError: Error: The URL does not match any of the expected URLs. expected [true] but found [false]
at org.testng.Assert.fail(Assert.java:111)
at org.testng.Assert.failNotEquals(Assert.java:1578)
at org.testng.Assert.assertTrue(Assert.java:57)
at utilities.WebDriverUtil.checkTest(WebDriverUtil.java:87)
at stepDefinition.TestSteps.user_should_have_access_to_their_account(TestSteps.java:34)
at âœ½.User should have access to their account(file:///Users/swarnadeepsaha/eclipse-workspace/LoginNexus/src/test/resources/Feature/LoginNexus.feature:7)
]]>
    </failure>
  </testcase> <!-- runScenario -->
</testsuite> <!-- runner.RunnerFile -->
